Vivado Simulator v2021.2
Copyright 1986-1999, 2001-2021 Xilinx, Inc. All Rights Reserved.
Running: F:/Xilinx/Vivado/2021.2/bin/unwrapped/win64.o/xelab.exe --incr --debug typical --relax --mt 2 -L xil_defaultlib -L secureip --snapshot tb_step_driver_behav xil_defaultlib.tb_step_driver -log elaborate.log 
Using 2 slave threads.
Starting static elaboration
Completed static elaboration
Starting simulation data flow analysis
Completed simulation data flow analysis
Time Resolution for simulation is 1ps
Compiling package std.standard
Compiling package std.textio
Compiling package ieee.std_logic_1164
Compiling package ieee.std_logic_arith
Compiling package ieee.std_logic_signed
Compiling package ieee.numeric_std
Compiling architecture behavioral of entity xil_defaultlib.clk_change [clk_change_default]
Compiling architecture behavioral of entity xil_defaultlib.towords [towords_default]
Compiling architecture behavioral of entity xil_defaultlib.step_driver [step_driver_default]
Compiling architecture behavioral of entity xil_defaultlib.tb_step_driver
Built simulation snapshot tb_step_driver_behav
